-------------------------------------------------------------------------------
Test set: snakegame.BoardTest
-------------------------------------------------------------------------------
Tests run: 4, Failures: 1, Errors: 0, Skipped: 0, Time elapsed: 488.785 s <<< FAILURE! - in snakegame.BoardTest
testPrintBoard  Time elapsed: 0.038 s  <<< FAILURE!
org.opentest4j.AssertionFailedError: 
expected: <OOOOO
OOOOO
OOOOO
OOOOO
OOOOO> but was: <>
	at snakegame.BoardTest.testPrintBoard(BoardTest.java:51)

