-------------------------------------------------------------------------------
Test set: snakegame.SnakeTest
-------------------------------------------------------------------------------
Tests run: 2, Failures: 1, Errors: 0, Skipped: 0, Time elapsed: 0.072 s <<< FAILURE! - in snakegame.SnakeTest
testCrash  Time elapsed: 0.057 s  <<< FAILURE!
org.opentest4j.AssertionFailedError: expected: <false> but was: <true>
	at snakegame.SnakeTest.testCrash(SnakeTest.java:27)

