<?xml version="1.0" encoding="UTF-8"?>
<testsuite xmlns:xsi="http://www.w3.org/2001/XMLSchema-instance" xsi:noNamespaceSchemaLocation="https://maven.apache.org/surefire/maven-surefire-plugin/xsd/surefire-test-report.xsd" name="snakegame.BoardTest" time="488.785" tests="4" errors="0" skipped="0" failures="1">
  <properties>
[...]
</properties>
  <testcase name="testGenerateFood" classname="snakegame.BoardTest" time="488.722"/>
  <testcase name="testBoardInitialization0e0" classname="snakegame.BoardTest" time="0.001"/>
  <testcase name="testPrintBoard" classname="snakegame.BoardTest" time="0.038">
    <failure message="expected: &lt;OOOOO&#10;OOOOO&#10;OOOOO&#10;OOOOO&#10;OOOOO&gt; but was: &lt;&gt;" type="org.opentest4j.AssertionFailedError"><![CDATA[org.opentest4j.AssertionFailedError: 
expected: <OOOOO
OOOOO
OOOOO
OOOOO
OOOOO> but was: <>
	at snakegame.BoardTest.testPrintBoard(BoardTest.java:51)
]]></failure>
    <system-out><![CDATA[ooooo
ooooo
ooooo
ooooo
ooooo

]]></system-out>
  </testcase>
  <testcase name="testBoardInitialization10e20" classname="snakegame.BoardTest" time="0.001"/>
</testsuite>